<?xml version="1.0" encoding="UTF-8" ?>
<testsuite tests="30" failures="0" name="bankTest.TestBankSystem" time="0.382" errors="0" skipped="0">
  <properties>
[...]
</properties>
  <testcase classname="bankTest.TestBankSystem" name="testViewAccountsCustomer" time="0.103"/>
  <testcase classname="bankTest.TestBankSystem" name="testLogInBadPass" time="0"/>
  <testcase classname="bankTest.TestBankSystem" name="testDenyBadAccount" time="0.002"/>
  <testcase classname="bankTest.TestBankSystem" name="testLogInUserNotFound" time="0.002"/>
  <testcase classname="bankTest.TestBankSystem" name="testViewSelfProfile" time="0.002"/>
  <testcase classname="bankTest.TestBankSystem" name="testViewTransactionsOwnedAccount" time="0.003"/>
  <testcase classname="bankTest.TestBankSystem" name="testCloseAccount" time="0.029"/>
  <testcase classname="bankTest.TestBankSystem" name="testApproveAccount" time="0.033"/>
  <testcase classname="bankTest.TestBankSystem" name="testApply" time="0.012"/>
  <testcase classname="bankTest.TestBankSystem" name="testLogIn" time="0.001"/>
  <testcase classname="bankTest.TestBankSystem" name="testSetup" time="0.002"/>
  <testcase classname="bankTest.TestBankSystem" name="testCreateAdmin" time="0.016"/>
  <testcase classname="bankTest.TestBankSystem" name="testQuit" time="0.001"/>
  <testcase classname="bankTest.TestBankSystem" name="testRemoveOwner" time="0.03"/>
  <testcase classname="bankTest.TestBankSystem" name="testViewUsers" time="0.003"/>
  <testcase classname="bankTest.TestBankSystem" name="testViewAccountsAdmin" time="0.003"/>
  <testcase classname="bankTest.TestBankSystem" name="testRegisterUser" time="0.015"/>
  <testcase classname="bankTest.TestBankSystem" name="testAddOwner" time="0.01"/>
  <testcase classname="bankTest.TestBankSystem" name="testWithdraw" time="0.03"/>
  <testcase classname="bankTest.TestBankSystem" name="testRegisterUserWithUsernameTaken" time="0.002"/>
  <testcase classname="bankTest.TestBankSystem" name="testViewTransactions" time="0.002"/>
  <testcase classname="bankTest.TestBankSystem" name="testApproveBadAccount" time="0.002"/>
  <testcase classname="bankTest.TestBankSystem" name="testActOutsidePermissions" time="0.001"/>
  <testcase classname="bankTest.TestBankSystem" name="testCreateEmployee" time="0.015"/>
  <testcase classname="bankTest.TestBankSystem" name="testDeposit" time="0.016"/>
  <testcase classname="bankTest.TestBankSystem" name="testDenyAccount" time="0.021"/>
  <testcase classname="bankTest.TestBankSystem" name="testViewTransactionsActingUser" time="0.001"/>
  <testcase classname="bankTest.TestBankSystem" name="testLogOut" time="0.002"/>
  <testcase classname="bankTest.TestBankSystem" name="testCloseBadAccount" time="0.008"/>
  <testcase classname="bankTest.TestBankSystem" name="testTransfer" time="0.015"/>
</testsuite>